<?xml version="1.0" encoding="UTF-8"?>
<!-- Generated by org.testng.reporters.JUnitReportReporter -->
<testsuite hostname="HYD-LW-21-0919" failures="0" tests="3" name="com.qa.tests.LoginTests" time="14.174" errors="0" timestamp="2024-05-20T10:49:51 IST" skipped="0">
  <testcase classname="com.qa.tests.LoginTests" name="invalidUserName" time="5.160"/>
  <testcase classname="com.qa.tests.LoginTests" name="invalidPassword" time="3.823"/>
  <testcase classname="com.qa.tests.LoginTests" name="successfuLogin" time="5.191"/>
</testsuite> <!-- com.qa.tests.LoginTests -->
